This file contains any messages produced by compilers while
running configure, to aid debugging if configure makes a mistake.

It was created by libssh2 configure -, which was
generated by GNU Autoconf 2.69.  Invocation command line was

  $ ./configure --disable-option-checking --prefix=/usr/local --with-libpcre=included --with-libpcap=included --with-libssh2=included --with-libdnet=included --with-liblua=included --with-liblinear=included --with-ndiif --with-zenmap --cache-file=/dev/null --srcdir=.

## --------- ##
## Platform. ##
## --------- ##

hostname = killing-machine2
uname -m = x86_64
uname -r = 5.10.0-3-amd64
uname -s = Linux
uname -v = #1 SMP Debian 5.10.13-1 (2021-02-06)

/usr/bin/uname -p = unknown
/bin/uname -X     = unknown

/bin/arch              = x86_64
/usr/bin/arch -k       = unknown
/usr/convex/getsysinfo = unknown
/usr/bin/hostinfo      = unknown
/bin/machine           = unknown
/usr/bin/oslevel       = unknown
/bin/universe          = unknown

PATH: /usr/local/bin
PATH: /usr/bin
PATH: /bin
PATH: /usr/local/games
PATH: /usr/games
PATH: /snap/bin


## ----------- ##
## Core tests. ##
## ----------- ##

configure:2425: checking whether to enable maintainer-specific portions of Makefiles
configure:2434: result: no
configure:2458: checking whether make supports nested variables
configure:2475: result: yes
configure:2489: checking for sed
configure:2508: found /usr/bin/sed
configure:2521: result: /usr/bin/sed
configure:2582: checking for a BSD-compatible install
configure:2650: result: /usr/bin/install -c
configure:2661: checking whether build environment is sane
configure:2716: result: yes
configure:2867: checking for a thread-safe mkdir -p
configure:2906: result: /usr/bin/mkdir -p
configure:2913: checking for gawk
configure:2929: found /usr/bin/gawk
configure:2940: result: gawk
configure:2951: checking whether make sets $(MAKE)
configure:2973: result: yes
configure:3106: checking libssh2 version
configure:3108: result: 1.9.0
configure:3119: checking build system type
configure:3133: result: x86_64-pc-linux-gnu
configure:3153: checking host system type
configure:3166: result: x86_64-pc-linux-gnu
configure:3193: autobuild project... libssh2
configure:3199: autobuild revision... 1.9.0
configure:3204: autobuild hostname... killing-machine2
configure:3215: autobuild timestamp... 20210223-133623
configure:3248: checking whether make supports the include directive
configure:3263: make -f confmf.GNU && cat confinc.out
this is the am__doit target
configure:3266: $? = 0
configure:3285: result: yes (GNU style)
configure:3355: checking for gcc
configure:3371: found /usr/bin/gcc
configure:3382: result: gcc
configure:3611: checking for C compiler version
configure:3620: gcc --version >&5
gcc (Debian 10.2.1-6) 10.2.1 20210110
Copyright (C) 2020 Free Software Foundation, Inc.
This is free software; see the source for copying conditions.  There is NO
warranty; not even for MERCHANTABILITY or FITNESS FOR A PARTICULAR PURPOSE.

configure:3631: $? = 0
configure:3620: gcc -v >&5
Using built-in specs.
COLLECT_GCC=gcc
COLLECT_LTO_WRAPPER=/usr/lib/gcc/x86_64-linux-gnu/10/lto-wrapper
OFFLOAD_TARGET_NAMES=nvptx-none:amdgcn-amdhsa:hsa
OFFLOAD_TARGET_DEFAULT=1
Target: x86_64-linux-gnu
Configured with: ../src/configure -v --with-pkgversion='Debian 10.2.1-6' --with-bugurl=file:///usr/share/doc/gcc-10/README.Bugs --enable-languages=c,ada,c++,go,brig,d,fortran,objc,obj-c++,m2 --prefix=/usr --with-gcc-major-version-only --program-suffix=-10 --program-prefix=x86_64-linux-gnu- --enable-shared --enable-linker-build-id --libexecdir=/usr/lib --without-included-gettext --enable-threads=posix --libdir=/usr/lib --enable-nls --enable-bootstrap --enable-clocale=gnu --enable-libstdcxx-debug --enable-libstdcxx-time=yes --with-default-libstdcxx-abi=new --enable-gnu-unique-object --disable-vtable-verify --enable-plugin --enable-default-pie --with-system-zlib --enable-libphobos-checking=release --with-target-system-zlib=auto --enable-objc-gc=auto --enable-multiarch --disable-werror --with-arch-32=i686 --with-abi=m64 --with-multilib-list=m32,m64,mx32 --enable-multilib --with-tune=generic --enable-offload-targets=nvptx-none=/build/gcc-10-Km9U7s/gcc-10-10.2.1/debian/tmp-nvptx/usr,amdgcn-amdhsa=/build/gcc-10-Km9U7s/gcc-10-10.2.1/debian/tmp-gcn/usr,hsa --without-cuda-driver --enable-checking=release --build=x86_64-linux-gnu --host=x86_64-linux-gnu --target=x86_64-linux-gnu --with-build-config=bootstrap-lto-lean --enable-link-mutex
Thread model: posix
Supported LTO compression algorithms: zlib zstd
gcc version 10.2.1 20210110 (Debian 10.2.1-6) 
... rest of stderr output deleted ...
configure:3631: $? = 0
configure:3620: gcc -V >&5
gcc: error: unrecognized command-line option '-V'
gcc: fatal error: no input files
compilation terminated.
configure:3631: $? = 1
configure:3620: gcc -qversion >&5
gcc: error: unrecognized command-line option '-qversion'; did you mean '--version'?
gcc: fatal error: no input files
compilation terminated.
configure:3631: $? = 1
configure:3651: checking whether the C compiler works
configure:3673: gcc    conftest.c  >&5
configure:3677: $? = 0
configure:3725: result: yes
configure:3728: checking for C compiler default output file name
configure:3730: result: a.out
configure:3736: checking for suffix of executables
configure:3743: gcc -o conftest    conftest.c  >&5
configure:3747: $? = 0
configure:3769: result: 
configure:3791: checking whether we are cross compiling
configure:3799: gcc -o conftest    conftest.c  >&5
configure:3803: $? = 0
configure:3810: ./conftest
configure:3814: $? = 0
configure:3829: result: no
configure:3834: checking for suffix of object files
configure:3856: gcc -c   conftest.c >&5
configure:3860: $? = 0
configure:3881: result: o
configure:3885: checking whether we are using the GNU C compiler
configure:3904: gcc -c   conftest.c >&5
configure:3904: $? = 0
configure:3913: result: yes
configure:3922: checking whether gcc accepts -g
configure:3942: gcc -c -g  conftest.c >&5
configure:3942: $? = 0
configure:3983: result: yes
configure:4000: checking for gcc option to accept ISO C89
configure:4063: gcc  -c -g -O2  conftest.c >&5
configure:4063: $? = 0
configure:4076: result: none needed
configure:4101: checking whether gcc understands -c and -o together
configure:4123: gcc -c conftest.c -o conftest2.o
configure:4126: $? = 0
configure:4123: gcc -c conftest.c -o conftest2.o
configure:4126: $? = 0
configure:4138: result: yes
configure:4157: checking dependency style of gcc
configure:4268: result: gcc3
configure:4289: checking how to run the C preprocessor
configure:4320: gcc -E  conftest.c
configure:4320: $? = 0
configure:4334: gcc -E  conftest.c
conftest.c:11:10: fatal error: ac_nonexistent.h: No such file or directory
   11 | #include <ac_nonexistent.h>
      |          ^~~~~~~~~~~~~~~~~~
compilation terminated.
configure:4334: $? = 1
configure: failed program was:
| /* confdefs.h */
| #define PACKAGE_NAME "libssh2"
| #define PACKAGE_TARNAME "libssh2"
| #define PACKAGE_VERSION "-"
| #define PACKAGE_STRING "libssh2 -"
| #define PACKAGE_BUGREPORT "libssh2-devel@cool.haxx.se"
| #define PACKAGE_URL ""
| #define PACKAGE "libssh2"
| #define VERSION "-"
| /* end confdefs.h.  */
| #include <ac_nonexistent.h>
configure:4359: result: gcc -E
configure:4379: gcc -E  conftest.c
configure:4379: $? = 0
configure:4393: gcc -E  conftest.c
conftest.c:11:10: fatal error: ac_nonexistent.h: No such file or directory
   11 | #include <ac_nonexistent.h>
      |          ^~~~~~~~~~~~~~~~~~
compilation terminated.
configure:4393: $? = 1
configure: failed program was:
| /* confdefs.h */
| #define PACKAGE_NAME "libssh2"
| #define PACKAGE_TARNAME "libssh2"
| #define PACKAGE_VERSION "-"
| #define PACKAGE_STRING "libssh2 -"
| #define PACKAGE_BUGREPORT "libssh2-devel@cool.haxx.se"
| #define PACKAGE_URL ""
| #define PACKAGE "libssh2"
| #define VERSION "-"
| /* end confdefs.h.  */
| #include <ac_nonexistent.h>
configure:4422: checking for grep that handles long lines and -e
configure:4480: result: /usr/bin/grep
configure:4485: checking for egrep
configure:4547: result: /usr/bin/grep -E
configure:4552: checking for ANSI C header files
configure:4572: gcc -c -g -O2  conftest.c >&5
configure:4572: $? = 0
configure:4645: gcc -o conftest -g -O2   conftest.c  >&5
configure:4645: $? = 0
configure:4645: ./conftest
configure:4645: $? = 0
configure:4656: result: yes
configure:4669: checking for sys/types.h
configure:4669: gcc -c -g -O2  conftest.c >&5
configure:4669: $? = 0
configure:4669: result: yes
configure:4669: checking for sys/stat.h
configure:4669: gcc -c -g -O2  conftest.c >&5
configure:4669: $? = 0
configure:4669: result: yes
configure:4669: checking for stdlib.h
configure:4669: gcc -c -g -O2  conftest.c >&5
configure:4669: $? = 0
configure:4669: result: yes
configure:4669: checking for string.h
configure:4669: gcc -c -g -O2  conftest.c >&5
configure:4669: $? = 0
configure:4669: result: yes
configure:4669: checking for memory.h
configure:4669: gcc -c -g -O2  conftest.c >&5
configure:4669: $? = 0
configure:4669: result: yes
configure:4669: checking for strings.h
configure:4669: gcc -c -g -O2  conftest.c >&5
configure:4669: $? = 0
configure:4669: result: yes
configure:4669: checking for inttypes.h
configure:4669: gcc -c -g -O2  conftest.c >&5
configure:4669: $? = 0
configure:4669: result: yes
configure:4669: checking for stdint.h
configure:4669: gcc -c -g -O2  conftest.c >&5
configure:4669: $? = 0
configure:4669: result: yes
configure:4669: checking for unistd.h
configure:4669: gcc -c -g -O2  conftest.c >&5
configure:4669: $? = 0
configure:4669: result: yes
configure:4681: checking for long long
configure:4681: gcc -c -g -O2  conftest.c >&5
configure:4681: $? = 0
configure:4681: gcc -c -g -O2  conftest.c >&5
conftest.c: In function 'main':
conftest.c:57:24: error: expected expression before ')' token
   57 | if (sizeof ((long long)))
      |                        ^
configure:4681: $? = 1
configure: failed program was:
| /* confdefs.h */
| #define PACKAGE_NAME "libssh2"
| #define PACKAGE_TARNAME "libssh2"
| #define PACKAGE_VERSION "-"
| #define PACKAGE_STRING "libssh2 -"
| #define PACKAGE_BUGREPORT "libssh2-devel@cool.haxx.se"
| #define PACKAGE_URL ""
| #define PACKAGE "libssh2"
| #define VERSION "-"
| #define STDC_HEADERS 1
| #define HAVE_SYS_TYPES_H 1
| #define HAVE_SYS_STAT_H 1
| #define HAVE_STDLIB_H 1
| #define HAVE_STRING_H 1
| #define HAVE_MEMORY_H 1
| #define HAVE_STRINGS_H 1
| #define HAVE_INTTYPES_H 1
| #define HAVE_STDINT_H 1
| #define HAVE_UNISTD_H 1
| /* end confdefs.h.  */
| #include <stdio.h>
| #ifdef HAVE_SYS_TYPES_H
| # include <sys/types.h>
| #endif
| #ifdef HAVE_SYS_STAT_H
| # include <sys/stat.h>
| #endif
| #ifdef STDC_HEADERS
| # include <stdlib.h>
| # include <stddef.h>
| #else
| # ifdef HAVE_STDLIB_H
| #  include <stdlib.h>
| # endif
| #endif
| #ifdef HAVE_STRING_H
| # if !defined STDC_HEADERS && defined HAVE_MEMORY_H
| #  include <memory.h>
| # endif
| # include <string.h>
| #endif
| #ifdef HAVE_STRINGS_H
| # include <strings.h>
| #endif
| #ifdef HAVE_INTTYPES_H
| # include <inttypes.h>
| #endif
| #ifdef HAVE_STDINT_H
| # include <stdint.h>
| #endif
| #ifdef HAVE_UNISTD_H
| # include <unistd.h>
| #endif
| int
| main ()
| {
| if (sizeof ((long long)))
| 	    return 0;
|   ;
|   return 0;
| }
configure:4681: result: yes
configure:4693: checking if _REENTRANT is already defined
configure:4715: gcc -c -g -O2  conftest.c >&5
conftest.c: In function 'main':
conftest.c:32:7: error: unknown type name 'force'
   32 |       force compilation error
      |       ^~~~~
conftest.c:32:25: error: expected '=', ',', ';', 'asm' or '__attribute__' before 'error'
   32 |       force compilation error
      |                         ^~~~~
configure:4715: $? = 1
configure: failed program was:
| /* confdefs.h */
| #define PACKAGE_NAME "libssh2"
| #define PACKAGE_TARNAME "libssh2"
| #define PACKAGE_VERSION "-"
| #define PACKAGE_STRING "libssh2 -"
| #define PACKAGE_BUGREPORT "libssh2-devel@cool.haxx.se"
| #define PACKAGE_URL ""
| #define PACKAGE "libssh2"
| #define VERSION "-"
| #define STDC_HEADERS 1
| #define HAVE_SYS_TYPES_H 1
| #define HAVE_SYS_STAT_H 1
| #define HAVE_STDLIB_H 1
| #define HAVE_STRING_H 1
| #define HAVE_MEMORY_H 1
| #define HAVE_STRINGS_H 1
| #define HAVE_INTTYPES_H 1
| #define HAVE_STDINT_H 1
| #define HAVE_UNISTD_H 1
| #define HAVE_LONGLONG 1
| /* end confdefs.h.  */
| 
| 
| 
| int
| main ()
| {
| 
| #ifdef _REENTRANT
|       int dummy=1;
| #else
|       force compilation error
| #endif
| 
|   ;
|   return 0;
| }
| 
configure:4723: result: no
configure:4731: checking if _REENTRANT is actually needed
configure:4748: result: no
configure:4753: checking if _REENTRANT is onwards defined
configure:4770: result: no
configure:4777: checking for library containing socket
configure:4808: gcc -o conftest -g -O2   conftest.c  >&5
configure:4808: $? = 0
configure:4825: result: none required
configure:4835: checking for library containing inet_addr
configure:4866: gcc -o conftest -g -O2   conftest.c  >&5
configure:4866: $? = 0
configure:4883: result: none required
configure:4942: checking for gcc
configure:4969: result: gcc
configure:5198: checking for C compiler version
configure:5207: gcc --version >&5
gcc (Debian 10.2.1-6) 10.2.1 20210110
Copyright (C) 2020 Free Software Foundation, Inc.
This is free software; see the source for copying conditions.  There is NO
warranty; not even for MERCHANTABILITY or FITNESS FOR A PARTICULAR PURPOSE.

configure:5218: $? = 0
configure:5207: gcc -v >&5
Using built-in specs.
COLLECT_GCC=gcc
COLLECT_LTO_WRAPPER=/usr/lib/gcc/x86_64-linux-gnu/10/lto-wrapper
OFFLOAD_TARGET_NAMES=nvptx-none:amdgcn-amdhsa:hsa
OFFLOAD_TARGET_DEFAULT=1
Target: x86_64-linux-gnu
Configured with: ../src/configure -v --with-pkgversion='Debian 10.2.1-6' --with-bugurl=file:///usr/share/doc/gcc-10/README.Bugs --enable-languages=c,ada,c++,go,brig,d,fortran,objc,obj-c++,m2 --prefix=/usr --with-gcc-major-version-only --program-suffix=-10 --program-prefix=x86_64-linux-gnu- --enable-shared --enable-linker-build-id --libexecdir=/usr/lib --without-included-gettext --enable-threads=posix --libdir=/usr/lib --enable-nls --enable-bootstrap --enable-clocale=gnu --enable-libstdcxx-debug --enable-libstdcxx-time=yes --with-default-libstdcxx-abi=new --enable-gnu-unique-object --disable-vtable-verify --enable-plugin --enable-default-pie --with-system-zlib --enable-libphobos-checking=release --with-target-system-zlib=auto --enable-objc-gc=auto --enable-multiarch --disable-werror --with-arch-32=i686 --with-abi=m64 --with-multilib-list=m32,m64,mx32 --enable-multilib --with-tune=generic --enable-offload-targets=nvptx-none=/build/gcc-10-Km9U7s/gcc-10-10.2.1/debian/tmp-nvptx/usr,amdgcn-amdhsa=/build/gcc-10-Km9U7s/gcc-10-10.2.1/debian/tmp-gcn/usr,hsa --without-cuda-driver --enable-checking=release --build=x86_64-linux-gnu --host=x86_64-linux-gnu --target=x86_64-linux-gnu --with-build-config=bootstrap-lto-lean --enable-link-mutex
Thread model: posix
Supported LTO compression algorithms: zlib zstd
gcc version 10.2.1 20210110 (Debian 10.2.1-6) 
... rest of stderr output deleted ...
configure:5218: $? = 0
configure:5207: gcc -V >&5
gcc: error: unrecognized command-line option '-V'
gcc: fatal error: no input files
compilation terminated.
configure:5218: $? = 1
configure:5207: gcc -qversion >&5
gcc: error: unrecognized command-line option '-qversion'; did you mean '--version'?
gcc: fatal error: no input files
compilation terminated.
configure:5218: $? = 1
configure:5222: checking whether we are using the GNU C compiler
configure:5250: result: yes
configure:5259: checking whether gcc accepts -g
configure:5320: result: yes
configure:5337: checking for gcc option to accept ISO C89
configure:5413: result: none needed
configure:5438: checking whether gcc understands -c and -o together
configure:5475: result: yes
configure:5494: checking dependency style of gcc
configure:5605: result: gcc3
configure:5621: checking whether ln -s works
configure:5625: result: yes
configure:5632: checking whether make sets $(MAKE)
configure:5654: result: yes
configure:5667: checking for sshd
configure:5700: result: no
configure:6065: checking how to print strings
configure:6092: result: printf
configure:6113: checking for a sed that does not truncate output
configure:6177: result: /usr/bin/sed
configure:6195: checking for fgrep
configure:6257: result: /usr/bin/grep -F
configure:6292: checking for ld used by gcc
configure:6359: result: /usr/bin/ld
configure:6366: checking if the linker (/usr/bin/ld) is GNU ld
configure:6381: result: yes
configure:6393: checking for BSD- or MS-compatible name lister (nm)
configure:6447: result: /usr/bin/nm -B
configure:6577: checking the name lister (/usr/bin/nm -B) interface
configure:6584: gcc -c -g -O2  conftest.c >&5
configure:6587: /usr/bin/nm -B "conftest.o"
configure:6590: output
0000000000000000 B some_variable
configure:6597: result: BSD nm
configure:6601: checking the maximum length of command line arguments
configure:6732: result: 1572864
configure:6780: checking how to convert x86_64-pc-linux-gnu file names to x86_64-pc-linux-gnu format
configure:6820: result: func_convert_file_noop
configure:6827: checking how to convert x86_64-pc-linux-gnu file names to toolchain format
configure:6847: result: func_convert_file_noop
configure:6854: checking for /usr/bin/ld option to reload object files
configure:6861: result: -r
configure:6935: checking for objdump
configure:6962: result: objdump
configure:6991: checking how to recognize dependent libraries
configure:7191: result: pass_all
configure:7276: checking for dlltool
configure:7303: result: dlltool
configure:7333: checking how to associate runtime and link libraries
configure:7360: result: printf %s\n
configure:7420: checking for ar
configure:7436: found /usr/bin/ar
configure:7447: result: ar
configure:7484: checking for archiver @FILE support
configure:7501: gcc -c -g -O2  conftest.c >&5
configure:7501: $? = 0
configure:7504: ar cru libconftest.a @conftest.lst >&5
ar: `u' modifier ignored since `D' is the default (see `U')
configure:7507: $? = 0
configure:7512: ar cru libconftest.a @conftest.lst >&5
ar: `u' modifier ignored since `D' is the default (see `U')
ar: conftest.o: No such file or directory
configure:7515: $? = 1
configure:7527: result: @
configure:7585: checking for strip
configure:7601: found /usr/bin/strip
configure:7612: result: strip
configure:7684: checking for ranlib
configure:7700: found /usr/bin/ranlib
configure:7711: result: ranlib
configure:7813: checking command to parse /usr/bin/nm -B output from gcc object
configure:7966: gcc -c -g -O2  conftest.c >&5
configure:7969: $? = 0
configure:7973: /usr/bin/nm -B conftest.o | sed -n -e 's/^.*[	 ]\([ABCDGIRSTW][ABCDGIRSTW]*\)[	 ][	 ]*\([_A-Za-z][_A-Za-z0-9]*\)$/\1 \2 \2/p' | sed '/ __gnu_lto/d' > conftest.nm
configure:8039: gcc -o conftest -g -O2   conftest.c conftstm.o >&5
configure:8042: $? = 0
configure:8080: result: ok
configure:8127: checking for sysroot
configure:8157: result: no
configure:8164: checking for a working dd
configure:8202: result: /usr/bin/dd
configure:8206: checking how to truncate binary pipes
configure:8221: result: /usr/bin/dd bs=4096 count=1
configure:8357: gcc -c -g -O2  conftest.c >&5
configure:8360: $? = 0
configure:8550: checking for mt
configure:8566: found /usr/bin/mt
configure:8577: result: mt
configure:8600: checking if mt is a manifest tool
configure:8606: mt '-?'
configure:8614: result: no
configure:9288: checking for dlfcn.h
configure:9288: gcc -c -g -O2  conftest.c >&5
configure:9288: $? = 0
configure:9288: result: yes
configure:9542: checking for objdir
configure:9557: result: .libs
configure:9821: checking if gcc supports -fno-rtti -fno-exceptions
configure:9839: gcc -c -g -O2  -fno-rtti -fno-exceptions conftest.c >&5
cc1: warning: command-line option '-fno-rtti' is valid for C++/D/ObjC++ but not for C
configure:9843: $? = 0
configure:9856: result: no
configure:10220: checking for gcc option to produce PIC
configure:10227: result: -fPIC -DPIC
configure:10235: checking if gcc PIC flag -fPIC -DPIC works
configure:10253: gcc -c -g -O2  -fPIC -DPIC -DPIC conftest.c >&5
configure:10257: $? = 0
configure:10270: result: yes
configure:10299: checking if gcc static flag -static works
configure:10327: result: yes
configure:10342: checking if gcc supports -c -o file.o
configure:10363: gcc -c -g -O2  -o out/conftest2.o conftest.c >&5
configure:10367: $? = 0
configure:10389: result: yes
configure:10397: checking if gcc supports -c -o file.o
configure:10444: result: yes
configure:10477: checking whether the gcc linker (/usr/bin/ld -m elf_x86_64) supports shared libraries
configure:11740: result: yes
configure:11777: checking whether -lc should be explicitly linked in
configure:11785: gcc -c -g -O2  conftest.c >&5
configure:11788: $? = 0
configure:11803: gcc -shared  -fPIC -DPIC conftest.o  -v -Wl,-soname -Wl,conftest -o conftest 2\>\&1 \| /usr/bin/grep  -lc  \>/dev/null 2\>\&1
configure:11806: $? = 0
configure:11820: result: no
configure:11980: checking dynamic linker characteristics
configure:12561: gcc -o conftest -g -O2   -Wl,-rpath -Wl,/foo conftest.c  >&5
configure:12561: $? = 0
configure:12810: result: GNU/Linux ld.so
configure:12932: checking how to hardcode library paths into programs
configure:12957: result: immediate
configure:13505: checking whether stripping libraries is possible
configure:13510: result: yes
configure:13545: checking if libtool supports shared libraries
configure:13547: result: yes
configure:13550: checking whether to build shared libraries
configure:13575: result: yes
configure:13578: checking whether to build static libraries
configure:13582: result: yes
configure:13619: checking whether byte ordering is bigendian
configure:13634: gcc -c -g -O2  conftest.c >&5
conftest.c:25:9: error: unknown type name 'not'
   25 |         not a universal capable compiler
      |         ^~~
conftest.c:25:15: error: expected '=', ',', ';', 'asm' or '__attribute__' before 'universal'
   25 |         not a universal capable compiler
      |               ^~~~~~~~~
conftest.c:25:15: error: unknown type name 'universal'
configure:13634: $? = 1
configure: failed program was:
| /* confdefs.h */
| #define PACKAGE_NAME "libssh2"
| #define PACKAGE_TARNAME "libssh2"
| #define PACKAGE_VERSION "-"
| #define PACKAGE_STRING "libssh2 -"
| #define PACKAGE_BUGREPORT "libssh2-devel@cool.haxx.se"
| #define PACKAGE_URL ""
| #define PACKAGE "libssh2"
| #define VERSION "-"
| #define STDC_HEADERS 1
| #define HAVE_SYS_TYPES_H 1
| #define HAVE_SYS_STAT_H 1
| #define HAVE_STDLIB_H 1
| #define HAVE_STRING_H 1
| #define HAVE_MEMORY_H 1
| #define HAVE_STRINGS_H 1
| #define HAVE_INTTYPES_H 1
| #define HAVE_STDINT_H 1
| #define HAVE_UNISTD_H 1
| #define HAVE_LONGLONG 1
| #define HAVE_DLFCN_H 1
| #define LT_OBJDIR ".libs/"
| /* end confdefs.h.  */
| #ifndef __APPLE_CC__
| 	       not a universal capable compiler
| 	     #endif
| 	     typedef int dummy;
| 
configure:13679: gcc -c -g -O2  conftest.c >&5
configure:13679: $? = 0
configure:13697: gcc -c -g -O2  conftest.c >&5
conftest.c: In function 'main':
conftest.c:31:4: error: unknown type name 'not'; did you mean 'ino_t'?
   31 |    not big endian
      |    ^~~
      |    ino_t
conftest.c:31:12: error: expected '=', ',', ';', 'asm' or '__attribute__' before 'endian'
   31 |    not big endian
      |            ^~~~~~
configure:13697: $? = 1
configure: failed program was:
| /* confdefs.h */
| #define PACKAGE_NAME "libssh2"
| #define PACKAGE_TARNAME "libssh2"
| #define PACKAGE_VERSION "-"
| #define PACKAGE_STRING "libssh2 -"
| #define PACKAGE_BUGREPORT "libssh2-devel@cool.haxx.se"
| #define PACKAGE_URL ""
| #define PACKAGE "libssh2"
| #define VERSION "-"
| #define STDC_HEADERS 1
| #define HAVE_SYS_TYPES_H 1
| #define HAVE_SYS_STAT_H 1
| #define HAVE_STDLIB_H 1
| #define HAVE_STRING_H 1
| #define HAVE_MEMORY_H 1
| #define HAVE_STRINGS_H 1
| #define HAVE_INTTYPES_H 1
| #define HAVE_STDINT_H 1
| #define HAVE_UNISTD_H 1
| #define HAVE_LONGLONG 1
| #define HAVE_DLFCN_H 1
| #define LT_OBJDIR ".libs/"
| /* end confdefs.h.  */
| #include <sys/types.h>
| 		#include <sys/param.h>
| 
| int
| main ()
| {
| #if BYTE_ORDER != BIG_ENDIAN
| 		 not big endian
| 		#endif
| 
|   ;
|   return 0;
| }
configure:13825: result: no
configure:13851: checking for special C compiler options needed for large files
configure:13896: result: no
configure:13902: checking for _FILE_OFFSET_BITS value needed for large files
configure:13927: gcc -c -g -O2  conftest.c >&5
configure:13927: $? = 0
configure:13959: result: no
configure:14109: checking for ld used by GCC
configure:14173: result: /usr/bin/ld -m elf_x86_64
configure:14180: checking if the linker (/usr/bin/ld -m elf_x86_64) is GNU ld
configure:14193: result: yes
configure:14200: checking for shared library run path origin
configure:14213: result: done
configure:14730: checking for libssl
configure:14749: gcc -o conftest -g -O2   conftest.c  -lssl -lcrypto >&5
configure:14749: $? = 0
configure:14759: result: yes
configure:14766: checking how to link with libssl
configure:14768: result: -lssl -lcrypto
configure:14799: checking for EVP_aes_128_ctr
configure:14799: gcc -o conftest -g -O2   conftest.c  -lssl -lcrypto >&5
configure:14799: $? = 0
configure:14799: result: yes
configure:17594: checking for libz
configure:17613: gcc -o conftest -g -O2   conftest.c  -lz >&5
configure:17613: $? = 0
configure:17623: result: yes
configure:17630: checking how to link with libz
configure:17632: result: -lz
configure:17715: WARNING: secure clearing/zeroing of memory is not supported by the selected crypto backend
configure:17730: checking whether to enable pedantic and debug compiler options
configure:17864: result: no
configure:17870: checking whether to enable hidden symbols in the library
configure:17911: result: no
configure:17922: checking errno.h usability
configure:17922: gcc -c -g -O2  conftest.c >&5
configure:17922: $? = 0
configure:17922: result: yes
configure:17922: checking errno.h presence
configure:17922: gcc -E  conftest.c
configure:17922: $? = 0
configure:17922: result: yes
configure:17922: checking for errno.h
configure:17922: result: yes
configure:17922: checking fcntl.h usability
configure:17922: gcc -c -g -O2  conftest.c >&5
configure:17922: $? = 0
configure:17922: result: yes
configure:17922: checking fcntl.h presence
configure:17922: gcc -E  conftest.c
configure:17922: $? = 0
configure:17922: result: yes
configure:17922: checking for fcntl.h
configure:17922: result: yes
configure:17922: checking stdio.h usability
configure:17922: gcc -c -g -O2  conftest.c >&5
configure:17922: $? = 0
configure:17922: result: yes
configure:17922: checking stdio.h presence
configure:17922: gcc -E  conftest.c
configure:17922: $? = 0
configure:17922: result: yes
configure:17922: checking for stdio.h
configure:17922: result: yes
configure:17922: checking for stdlib.h
configure:17922: result: yes
configure:17922: checking for unistd.h
configure:17922: result: yes
configure:17922: checking sys/uio.h usability
configure:17922: gcc -c -g -O2  conftest.c >&5
configure:17922: $? = 0
configure:17922: result: yes
configure:17922: checking sys/uio.h presence
configure:17922: gcc -E  conftest.c
configure:17922: $? = 0
configure:17922: result: yes
configure:17922: checking for sys/uio.h
configure:17922: result: yes
configure:17935: checking sys/select.h usability
configure:17935: gcc -c -g -O2  conftest.c >&5
configure:17935: $? = 0
configure:17935: result: yes
configure:17935: checking sys/select.h presence
configure:17935: gcc -E  conftest.c
configure:17935: $? = 0
configure:17935: result: yes
configure:17935: checking for sys/select.h
configure:17935: result: yes
configure:17935: checking sys/socket.h usability
configure:17935: gcc -c -g -O2  conftest.c >&5
configure:17935: $? = 0
configure:17935: result: yes
configure:17935: checking sys/socket.h presence
configure:17935: gcc -E  conftest.c
configure:17935: $? = 0
configure:17935: result: yes
configure:17935: checking for sys/socket.h
configure:17935: result: yes
configure:17935: checking sys/ioctl.h usability
configure:17935: gcc -c -g -O2  conftest.c >&5
configure:17935: $? = 0
configure:17935: result: yes
configure:17935: checking sys/ioctl.h presence
configure:17935: gcc -E  conftest.c
configure:17935: $? = 0
configure:17935: result: yes
configure:17935: checking for sys/ioctl.h
configure:17935: result: yes
configure:17935: checking sys/time.h usability
configure:17935: gcc -c -g -O2  conftest.c >&5
configure:17935: $? = 0
configure:17935: result: yes
configure:17935: checking sys/time.h presence
configure:17935: gcc -E  conftest.c
configure:17935: $? = 0
configure:17935: result: yes
configure:17935: checking for sys/time.h
configure:17935: result: yes
configure:17948: checking arpa/inet.h usability
configure:17948: gcc -c -g -O2  conftest.c >&5
configure:17948: $? = 0
configure:17948: result: yes
configure:17948: checking arpa/inet.h presence
configure:17948: gcc -E  conftest.c
configure:17948: $? = 0
configure:17948: result: yes
configure:17948: checking for arpa/inet.h
configure:17948: result: yes
configure:17948: checking netinet/in.h usability
configure:17948: gcc -c -g -O2  conftest.c >&5
configure:17948: $? = 0
configure:17948: result: yes
configure:17948: checking netinet/in.h presence
configure:17948: gcc -E  conftest.c
configure:17948: $? = 0
configure:17948: result: yes
configure:17948: checking for netinet/in.h
configure:17948: result: yes
configure:17960: checking sys/un.h usability
configure:17960: gcc -c -g -O2  conftest.c >&5
configure:17960: $? = 0
configure:17960: result: yes
configure:17960: checking sys/un.h presence
configure:17960: gcc -E  conftest.c
configure:17960: $? = 0
configure:17960: result: yes
configure:17960: checking for sys/un.h
configure:17960: result: yes
configure:17989: checking windows.h usability
configure:17989: gcc -c -g -O2  conftest.c >&5
conftest.c:76:10: fatal error: windows.h: No such file or directory
   76 | #include <windows.h>
      |          ^~~~~~~~~~~
compilation terminated.
configure:17989: $? = 1
configure: failed program was:
| /* confdefs.h */
| #define PACKAGE_NAME "libssh2"
| #define PACKAGE_TARNAME "libssh2"
| #define PACKAGE_VERSION "-"
| #define PACKAGE_STRING "libssh2 -"
| #define PACKAGE_BUGREPORT "libssh2-devel@cool.haxx.se"
| #define PACKAGE_URL ""
| #define PACKAGE "libssh2"
| #define VERSION "-"
| #define STDC_HEADERS 1
| #define HAVE_SYS_TYPES_H 1
| #define HAVE_SYS_STAT_H 1
| #define HAVE_STDLIB_H 1
| #define HAVE_STRING_H 1
| #define HAVE_MEMORY_H 1
| #define HAVE_STRINGS_H 1
| #define HAVE_INTTYPES_H 1
| #define HAVE_STDINT_H 1
| #define HAVE_UNISTD_H 1
| #define HAVE_LONGLONG 1
| #define HAVE_DLFCN_H 1
| #define LT_OBJDIR ".libs/"
| #define HAVE_LIBSSL 1
| #define LIBSSH2_OPENSSL 1
| #define HAVE_EVP_AES_128_CTR 1
| #define HAVE_LIBZ 1
| #define LIBSSH2_HAVE_ZLIB 1
| #define LIBSSH2_DH_GEX_NEW 1
| #define HAVE_ERRNO_H 1
| #define HAVE_FCNTL_H 1
| #define HAVE_STDIO_H 1
| #define HAVE_STDLIB_H 1
| #define HAVE_UNISTD_H 1
| #define HAVE_SYS_UIO_H 1
| #define HAVE_SYS_SELECT_H 1
| #define HAVE_SYS_SOCKET_H 1
| #define HAVE_SYS_IOCTL_H 1
| #define HAVE_SYS_TIME_H 1
| #define HAVE_ARPA_INET_H 1
| #define HAVE_NETINET_IN_H 1
| #define HAVE_SYS_UN_H 1
| /* end confdefs.h.  */
| #include <stdio.h>
| #ifdef HAVE_SYS_TYPES_H
| # include <sys/types.h>
| #endif
| #ifdef HAVE_SYS_STAT_H
| # include <sys/stat.h>
| #endif
| #ifdef STDC_HEADERS
| # include <stdlib.h>
| # include <stddef.h>
| #else
| # ifdef HAVE_STDLIB_H
| #  include <stdlib.h>
| # endif
| #endif
| #ifdef HAVE_STRING_H
| # if !defined STDC_HEADERS && defined HAVE_MEMORY_H
| #  include <memory.h>
| # endif
| # include <string.h>
| #endif
| #ifdef HAVE_STRINGS_H
| # include <strings.h>
| #endif
| #ifdef HAVE_INTTYPES_H
| # include <inttypes.h>
| #endif
| #ifdef HAVE_STDINT_H
| # include <stdint.h>
| #endif
| #ifdef HAVE_UNISTD_H
| # include <unistd.h>
| #endif
| #include <windows.h>
configure:17989: result: no
configure:17989: checking windows.h presence
configure:17989: gcc -E  conftest.c
conftest.c:43:10: fatal error: windows.h: No such file or directory
   43 | #include <windows.h>
      |          ^~~~~~~~~~~
compilation terminated.
configure:17989: $? = 1
configure: failed program was:
| /* confdefs.h */
| #define PACKAGE_NAME "libssh2"
| #define PACKAGE_TARNAME "libssh2"
| #define PACKAGE_VERSION "-"
| #define PACKAGE_STRING "libssh2 -"
| #define PACKAGE_BUGREPORT "libssh2-devel@cool.haxx.se"
| #define PACKAGE_URL ""
| #define PACKAGE "libssh2"
| #define VERSION "-"
| #define STDC_HEADERS 1
| #define HAVE_SYS_TYPES_H 1
| #define HAVE_SYS_STAT_H 1
| #define HAVE_STDLIB_H 1
| #define HAVE_STRING_H 1
| #define HAVE_MEMORY_H 1
| #define HAVE_STRINGS_H 1
| #define HAVE_INTTYPES_H 1
| #define HAVE_STDINT_H 1
| #define HAVE_UNISTD_H 1
| #define HAVE_LONGLONG 1
| #define HAVE_DLFCN_H 1
| #define LT_OBJDIR ".libs/"
| #define HAVE_LIBSSL 1
| #define LIBSSH2_OPENSSL 1
| #define HAVE_EVP_AES_128_CTR 1
| #define HAVE_LIBZ 1
| #define LIBSSH2_HAVE_ZLIB 1
| #define LIBSSH2_DH_GEX_NEW 1
| #define HAVE_ERRNO_H 1
| #define HAVE_FCNTL_H 1
| #define HAVE_STDIO_H 1
| #define HAVE_STDLIB_H 1
| #define HAVE_UNISTD_H 1
| #define HAVE_SYS_UIO_H 1
| #define HAVE_SYS_SELECT_H 1
| #define HAVE_SYS_SOCKET_H 1
| #define HAVE_SYS_IOCTL_H 1
| #define HAVE_SYS_TIME_H 1
| #define HAVE_ARPA_INET_H 1
| #define HAVE_NETINET_IN_H 1
| #define HAVE_SYS_UN_H 1
| /* end confdefs.h.  */
| #include <windows.h>
configure:17989: result: no
configure:17989: checking for windows.h
configure:17989: result: no
configure:17989: checking winsock2.h usability
configure:17989: gcc -c -g -O2  conftest.c >&5
conftest.c:76:10: fatal error: winsock2.h: No such file or directory
   76 | #include <winsock2.h>
      |          ^~~~~~~~~~~~
compilation terminated.
configure:17989: $? = 1
configure: failed program was:
| /* confdefs.h */
| #define PACKAGE_NAME "libssh2"
| #define PACKAGE_TARNAME "libssh2"
| #define PACKAGE_VERSION "-"
| #define PACKAGE_STRING "libssh2 -"
| #define PACKAGE_BUGREPORT "libssh2-devel@cool.haxx.se"
| #define PACKAGE_URL ""
| #define PACKAGE "libssh2"
| #define VERSION "-"
| #define STDC_HEADERS 1
| #define HAVE_SYS_TYPES_H 1
| #define HAVE_SYS_STAT_H 1
| #define HAVE_STDLIB_H 1
| #define HAVE_STRING_H 1
| #define HAVE_MEMORY_H 1
| #define HAVE_STRINGS_H 1
| #define HAVE_INTTYPES_H 1
| #define HAVE_STDINT_H 1
| #define HAVE_UNISTD_H 1
| #define HAVE_LONGLONG 1
| #define HAVE_DLFCN_H 1
| #define LT_OBJDIR ".libs/"
| #define HAVE_LIBSSL 1
| #define LIBSSH2_OPENSSL 1
| #define HAVE_EVP_AES_128_CTR 1
| #define HAVE_LIBZ 1
| #define LIBSSH2_HAVE_ZLIB 1
| #define LIBSSH2_DH_GEX_NEW 1
| #define HAVE_ERRNO_H 1
| #define HAVE_FCNTL_H 1
| #define HAVE_STDIO_H 1
| #define HAVE_STDLIB_H 1
| #define HAVE_UNISTD_H 1
| #define HAVE_SYS_UIO_H 1
| #define HAVE_SYS_SELECT_H 1
| #define HAVE_SYS_SOCKET_H 1
| #define HAVE_SYS_IOCTL_H 1
| #define HAVE_SYS_TIME_H 1
| #define HAVE_ARPA_INET_H 1
| #define HAVE_NETINET_IN_H 1
| #define HAVE_SYS_UN_H 1
| /* end confdefs.h.  */
| #include <stdio.h>
| #ifdef HAVE_SYS_TYPES_H
| # include <sys/types.h>
| #endif
| #ifdef HAVE_SYS_STAT_H
| # include <sys/stat.h>
| #endif
| #ifdef STDC_HEADERS
| # include <stdlib.h>
| # include <stddef.h>
| #else
| # ifdef HAVE_STDLIB_H
| #  include <stdlib.h>
| # endif
| #endif
| #ifdef HAVE_STRING_H
| # if !defined STDC_HEADERS && defined HAVE_MEMORY_H
| #  include <memory.h>
| # endif
| # include <string.h>
| #endif
| #ifdef HAVE_STRINGS_H
| # include <strings.h>
| #endif
| #ifdef HAVE_INTTYPES_H
| # include <inttypes.h>
| #endif
| #ifdef HAVE_STDINT_H
| # include <stdint.h>
| #endif
| #ifdef HAVE_UNISTD_H
| # include <unistd.h>
| #endif
| #include <winsock2.h>
configure:17989: result: no
configure:17989: checking winsock2.h presence
configure:17989: gcc -E  conftest.c
conftest.c:43:10: fatal error: winsock2.h: No such file or directory
   43 | #include <winsock2.h>
      |          ^~~~~~~~~~~~
compilation terminated.
configure:17989: $? = 1
configure: failed program was:
| /* confdefs.h */
| #define PACKAGE_NAME "libssh2"
| #define PACKAGE_TARNAME "libssh2"
| #define PACKAGE_VERSION "-"
| #define PACKAGE_STRING "libssh2 -"
| #define PACKAGE_BUGREPORT "libssh2-devel@cool.haxx.se"
| #define PACKAGE_URL ""
| #define PACKAGE "libssh2"
| #define VERSION "-"
| #define STDC_HEADERS 1
| #define HAVE_SYS_TYPES_H 1
| #define HAVE_SYS_STAT_H 1
| #define HAVE_STDLIB_H 1
| #define HAVE_STRING_H 1
| #define HAVE_MEMORY_H 1
| #define HAVE_STRINGS_H 1
| #define HAVE_INTTYPES_H 1
| #define HAVE_STDINT_H 1
| #define HAVE_UNISTD_H 1
| #define HAVE_LONGLONG 1
| #define HAVE_DLFCN_H 1
| #define LT_OBJDIR ".libs/"
| #define HAVE_LIBSSL 1
| #define LIBSSH2_OPENSSL 1
| #define HAVE_EVP_AES_128_CTR 1
| #define HAVE_LIBZ 1
| #define LIBSSH2_HAVE_ZLIB 1
| #define LIBSSH2_DH_GEX_NEW 1
| #define HAVE_ERRNO_H 1
| #define HAVE_FCNTL_H 1
| #define HAVE_STDIO_H 1
| #define HAVE_STDLIB_H 1
| #define HAVE_UNISTD_H 1
| #define HAVE_SYS_UIO_H 1
| #define HAVE_SYS_SELECT_H 1
| #define HAVE_SYS_SOCKET_H 1
| #define HAVE_SYS_IOCTL_H 1
| #define HAVE_SYS_TIME_H 1
| #define HAVE_ARPA_INET_H 1
| #define HAVE_NETINET_IN_H 1
| #define HAVE_SYS_UN_H 1
| /* end confdefs.h.  */
| #include <winsock2.h>
configure:17989: result: no
configure:17989: checking for winsock2.h
configure:17989: result: no
configure:17989: checking ws2tcpip.h usability
configure:17989: gcc -c -g -O2  conftest.c >&5
conftest.c:76:10: fatal error: ws2tcpip.h: No such file or directory
   76 | #include <ws2tcpip.h>
      |          ^~~~~~~~~~~~
compilation terminated.
configure:17989: $? = 1
configure: failed program was:
| /* confdefs.h */
| #define PACKAGE_NAME "libssh2"
| #define PACKAGE_TARNAME "libssh2"
| #define PACKAGE_VERSION "-"
| #define PACKAGE_STRING "libssh2 -"
| #define PACKAGE_BUGREPORT "libssh2-devel@cool.haxx.se"
| #define PACKAGE_URL ""
| #define PACKAGE "libssh2"
| #define VERSION "-"
| #define STDC_HEADERS 1
| #define HAVE_SYS_TYPES_H 1
| #define HAVE_SYS_STAT_H 1
| #define HAVE_STDLIB_H 1
| #define HAVE_STRING_H 1
| #define HAVE_MEMORY_H 1
| #define HAVE_STRINGS_H 1
| #define HAVE_INTTYPES_H 1
| #define HAVE_STDINT_H 1
| #define HAVE_UNISTD_H 1
| #define HAVE_LONGLONG 1
| #define HAVE_DLFCN_H 1
| #define LT_OBJDIR ".libs/"
| #define HAVE_LIBSSL 1
| #define LIBSSH2_OPENSSL 1
| #define HAVE_EVP_AES_128_CTR 1
| #define HAVE_LIBZ 1
| #define LIBSSH2_HAVE_ZLIB 1
| #define LIBSSH2_DH_GEX_NEW 1
| #define HAVE_ERRNO_H 1
| #define HAVE_FCNTL_H 1
| #define HAVE_STDIO_H 1
| #define HAVE_STDLIB_H 1
| #define HAVE_UNISTD_H 1
| #define HAVE_SYS_UIO_H 1
| #define HAVE_SYS_SELECT_H 1
| #define HAVE_SYS_SOCKET_H 1
| #define HAVE_SYS_IOCTL_H 1
| #define HAVE_SYS_TIME_H 1
| #define HAVE_ARPA_INET_H 1
| #define HAVE_NETINET_IN_H 1
| #define HAVE_SYS_UN_H 1
| /* end confdefs.h.  */
| #include <stdio.h>
| #ifdef HAVE_SYS_TYPES_H
| # include <sys/types.h>
| #endif
| #ifdef HAVE_SYS_STAT_H
| # include <sys/stat.h>
| #endif
| #ifdef STDC_HEADERS
| # include <stdlib.h>
| # include <stddef.h>
| #else
| # ifdef HAVE_STDLIB_H
| #  include <stdlib.h>
| # endif
| #endif
| #ifdef HAVE_STRING_H
| # if !defined STDC_HEADERS && defined HAVE_MEMORY_H
| #  include <memory.h>
| # endif
| # include <string.h>
| #endif
| #ifdef HAVE_STRINGS_H
| # include <strings.h>
| #endif
| #ifdef HAVE_INTTYPES_H
| # include <inttypes.h>
| #endif
| #ifdef HAVE_STDINT_H
| # include <stdint.h>
| #endif
| #ifdef HAVE_UNISTD_H
| # include <unistd.h>
| #endif
| #include <ws2tcpip.h>
configure:17989: result: no
configure:17989: checking ws2tcpip.h presence
configure:17989: gcc -E  conftest.c
conftest.c:43:10: fatal error: ws2tcpip.h: No such file or directory
   43 | #include <ws2tcpip.h>
      |          ^~~~~~~~~~~~
compilation terminated.
configure:17989: $? = 1
configure: failed program was:
| /* confdefs.h */
| #define PACKAGE_NAME "libssh2"
| #define PACKAGE_TARNAME "libssh2"
| #define PACKAGE_VERSION "-"
| #define PACKAGE_STRING "libssh2 -"
| #define PACKAGE_BUGREPORT "libssh2-devel@cool.haxx.se"
| #define PACKAGE_URL ""
| #define PACKAGE "libssh2"
| #define VERSION "-"
| #define STDC_HEADERS 1
| #define HAVE_SYS_TYPES_H 1
| #define HAVE_SYS_STAT_H 1
| #define HAVE_STDLIB_H 1
| #define HAVE_STRING_H 1
| #define HAVE_MEMORY_H 1
| #define HAVE_STRINGS_H 1
| #define HAVE_INTTYPES_H 1
| #define HAVE_STDINT_H 1
| #define HAVE_UNISTD_H 1
| #define HAVE_LONGLONG 1
| #define HAVE_DLFCN_H 1
| #define LT_OBJDIR ".libs/"
| #define HAVE_LIBSSL 1
| #define LIBSSH2_OPENSSL 1
| #define HAVE_EVP_AES_128_CTR 1
| #define HAVE_LIBZ 1
| #define LIBSSH2_HAVE_ZLIB 1
| #define LIBSSH2_DH_GEX_NEW 1
| #define HAVE_ERRNO_H 1
| #define HAVE_FCNTL_H 1
| #define HAVE_STDIO_H 1
| #define HAVE_STDLIB_H 1
| #define HAVE_UNISTD_H 1
| #define HAVE_SYS_UIO_H 1
| #define HAVE_SYS_SELECT_H 1
| #define HAVE_SYS_SOCKET_H 1
| #define HAVE_SYS_IOCTL_H 1
| #define HAVE_SYS_TIME_H 1
| #define HAVE_ARPA_INET_H 1
| #define HAVE_NETINET_IN_H 1
| #define HAVE_SYS_UN_H 1
| /* end confdefs.h.  */
| #include <ws2tcpip.h>
configure:17989: result: no
configure:17989: checking for ws2tcpip.h
configure:17989: result: no
configure:18010: checking for poll
configure:18010: gcc -o conftest -g -O2   conftest.c  >&5
configure:18010: $? = 0
configure:18010: result: yes
configure:18025: checking for gettimeofday
configure:18025: gcc -o conftest -g -O2   conftest.c  >&5
configure:18025: $? = 0
configure:18025: result: yes
configure:18025: checking for select
configure:18025: gcc -o conftest -g -O2   conftest.c  >&5
configure:18025: $? = 0
configure:18025: result: yes
configure:18025: checking for strtoll
configure:18025: gcc -o conftest -g -O2   conftest.c  >&5
configure:18025: $? = 0
configure:18025: result: yes
configure:18025: checking for memset_s
configure:18025: gcc -o conftest -g -O2   conftest.c  >&5
/usr/bin/ld: /tmp/ccm6r4xX.o: in function `main':
/home/mythical/githubsources/nmap/libssh2/conftest.c:81: undefined reference to `memset_s'
collect2: error: ld returned 1 exit status
configure:18025: $? = 1
configure: failed program was:
| /* confdefs.h */
| #define PACKAGE_NAME "libssh2"
| #define PACKAGE_TARNAME "libssh2"
| #define PACKAGE_VERSION "-"
| #define PACKAGE_STRING "libssh2 -"
| #define PACKAGE_BUGREPORT "libssh2-devel@cool.haxx.se"
| #define PACKAGE_URL ""
| #define PACKAGE "libssh2"
| #define VERSION "-"
| #define STDC_HEADERS 1
| #define HAVE_SYS_TYPES_H 1
| #define HAVE_SYS_STAT_H 1
| #define HAVE_STDLIB_H 1
| #define HAVE_STRING_H 1
| #define HAVE_MEMORY_H 1
| #define HAVE_STRINGS_H 1
| #define HAVE_INTTYPES_H 1
| #define HAVE_STDINT_H 1
| #define HAVE_UNISTD_H 1
| #define HAVE_LONGLONG 1
| #define HAVE_DLFCN_H 1
| #define LT_OBJDIR ".libs/"
| #define HAVE_LIBSSL 1
| #define LIBSSH2_OPENSSL 1
| #define HAVE_EVP_AES_128_CTR 1
| #define HAVE_LIBZ 1
| #define LIBSSH2_HAVE_ZLIB 1
| #define LIBSSH2_DH_GEX_NEW 1
| #define HAVE_ERRNO_H 1
| #define HAVE_FCNTL_H 1
| #define HAVE_STDIO_H 1
| #define HAVE_STDLIB_H 1
| #define HAVE_UNISTD_H 1
| #define HAVE_SYS_UIO_H 1
| #define HAVE_SYS_SELECT_H 1
| #define HAVE_SYS_SOCKET_H 1
| #define HAVE_SYS_IOCTL_H 1
| #define HAVE_SYS_TIME_H 1
| #define HAVE_ARPA_INET_H 1
| #define HAVE_NETINET_IN_H 1
| #define HAVE_SYS_UN_H 1
| #define HAVE_POLL 1
| #define HAVE_GETTIMEOFDAY 1
| #define HAVE_SELECT 1
| #define HAVE_STRTOLL 1
| /* end confdefs.h.  */
| /* Define memset_s to an innocuous variant, in case <limits.h> declares memset_s.
|    For example, HP-UX 11i <limits.h> declares gettimeofday.  */
| #define memset_s innocuous_memset_s
| 
| /* System header to define __stub macros and hopefully few prototypes,
|     which can conflict with char memset_s (); below.
|     Prefer <limits.h> to <assert.h> if __STDC__ is defined, since
|     <limits.h> exists even on freestanding compilers.  */
| 
| #ifdef __STDC__
| # include <limits.h>
| #else
| # include <assert.h>
| #endif
| 
| #undef memset_s
| 
| /* Override any GCC internal prototype to avoid an error.
|    Use char because int might match the return type of a GCC
|    builtin and then its argument prototype would still apply.  */
| #ifdef __cplusplus
| extern "C"
| #endif
| char memset_s ();
| /* The GNU C library defines this for functions which it implements
|     to always fail with ENOSYS.  Some functions are actually named
|     something starting with __ and the normal name is an alias.  */
| #if defined __stub_memset_s || defined __stub___memset_s
| choke me
| #endif
| 
| int
| main ()
| {
| return memset_s ();
|   ;
|   return 0;
| }
configure:18025: result: no
configure:18079: checking for size_t
configure:18079: gcc -c -g -O2  conftest.c >&5
configure:18079: $? = 0
configure:18079: gcc -c -g -O2  conftest.c >&5
conftest.c: In function 'main':
conftest.c:83:21: error: expected expression before ')' token
   83 | if (sizeof ((size_t)))
      |                     ^
configure:18079: $? = 1
configure: failed program was:
| /* confdefs.h */
| #define PACKAGE_NAME "libssh2"
| #define PACKAGE_TARNAME "libssh2"
| #define PACKAGE_VERSION "-"
| #define PACKAGE_STRING "libssh2 -"
| #define PACKAGE_BUGREPORT "libssh2-devel@cool.haxx.se"
| #define PACKAGE_URL ""
| #define PACKAGE "libssh2"
| #define VERSION "-"
| #define STDC_HEADERS 1
| #define HAVE_SYS_TYPES_H 1
| #define HAVE_SYS_STAT_H 1
| #define HAVE_STDLIB_H 1
| #define HAVE_STRING_H 1
| #define HAVE_MEMORY_H 1
| #define HAVE_STRINGS_H 1
| #define HAVE_INTTYPES_H 1
| #define HAVE_STDINT_H 1
| #define HAVE_UNISTD_H 1
| #define HAVE_LONGLONG 1
| #define HAVE_DLFCN_H 1
| #define LT_OBJDIR ".libs/"
| #define HAVE_LIBSSL 1
| #define LIBSSH2_OPENSSL 1
| #define HAVE_EVP_AES_128_CTR 1
| #define HAVE_LIBZ 1
| #define LIBSSH2_HAVE_ZLIB 1
| #define LIBSSH2_DH_GEX_NEW 1
| #define HAVE_ERRNO_H 1
| #define HAVE_FCNTL_H 1
| #define HAVE_STDIO_H 1
| #define HAVE_STDLIB_H 1
| #define HAVE_UNISTD_H 1
| #define HAVE_SYS_UIO_H 1
| #define HAVE_SYS_SELECT_H 1
| #define HAVE_SYS_SOCKET_H 1
| #define HAVE_SYS_IOCTL_H 1
| #define HAVE_SYS_TIME_H 1
| #define HAVE_ARPA_INET_H 1
| #define HAVE_NETINET_IN_H 1
| #define HAVE_SYS_UN_H 1
| #define HAVE_POLL 1
| #define HAVE_GETTIMEOFDAY 1
| #define HAVE_SELECT 1
| #define HAVE_STRTOLL 1
| /* end confdefs.h.  */
| #include <stdio.h>
| #ifdef HAVE_SYS_TYPES_H
| # include <sys/types.h>
| #endif
| #ifdef HAVE_SYS_STAT_H
| # include <sys/stat.h>
| #endif
| #ifdef STDC_HEADERS
| # include <stdlib.h>
| # include <stddef.h>
| #else
| # ifdef HAVE_STDLIB_H
| #  include <stdlib.h>
| # endif
| #endif
| #ifdef HAVE_STRING_H
| # if !defined STDC_HEADERS && defined HAVE_MEMORY_H
| #  include <memory.h>
| # endif
| # include <string.h>
| #endif
| #ifdef HAVE_STRINGS_H
| # include <strings.h>
| #endif
| #ifdef HAVE_INTTYPES_H
| # include <inttypes.h>
| #endif
| #ifdef HAVE_STDINT_H
| # include <stdint.h>
| #endif
| #ifdef HAVE_UNISTD_H
| # include <unistd.h>
| #endif
| int
| main ()
| {
| if (sizeof ((size_t)))
| 	    return 0;
|   ;
|   return 0;
| }
configure:18079: result: yes
configure:18092: checking for working alloca.h
configure:18109: gcc -o conftest -g -O2   conftest.c  >&5
configure:18109: $? = 0
configure:18117: result: yes
configure:18125: checking for alloca
configure:18162: gcc -o conftest -g -O2   conftest.c  >&5
configure:18162: $? = 0
configure:18170: result: yes
configure:18278: checking for an ANSI C-conforming const
configure:18344: gcc -c -g -O2  conftest.c >&5
configure:18344: $? = 0
configure:18351: result: yes
configure:18359: checking for inline
configure:18375: gcc -c -g -O2  conftest.c >&5
configure:18375: $? = 0
configure:18383: result: inline
configure:18403: checking non-blocking sockets style
configure:18441: gcc -c -g -O2  conftest.c >&5
configure:18441: $? = 0
configure:18602: result: O_NONBLOCK
configure:18631: checking whether to enable compiler warnings as errors
configure:18650: result: no
configure:18765: checking that generated files are newer than configure
configure:18771: result: done
configure:18823: creating ./config.status

## ---------------------- ##
## Running config.status. ##
## ---------------------- ##

This file was extended by libssh2 config.status -, which was
generated by GNU Autoconf 2.69.  Invocation command line was

  CONFIG_FILES    = 
  CONFIG_HEADERS  = 
  CONFIG_LINKS    = 
  CONFIG_COMMANDS = 
  $ ./config.status 

on killing-machine2

config.status:1158: creating Makefile
config.status:1158: creating src/Makefile
config.status:1158: creating libssh2.pc
config.status:1158: creating src/libssh2_config.h
config.status:1339: src/libssh2_config.h is unchanged
config.status:1387: executing depfiles commands
config.status:1464: cd src       && sed -e '/# am--include-marker/d' Makefile         | make -f - am--depfiles
make: Nothing to be done for 'am--depfiles'.
config.status:1469: $? = 0
config.status:1387: executing libtool commands
configure:20987: summary of build options:

  version:          1.9.0
  Host type:        x86_64-pc-linux-gnu
  Install prefix:   /usr/local
  Compiler:         gcc
  Compiler flags:   -g -O2
  Library types:    Shared=yes, Static=yes
  Crypto library:   OpenSSL (AES-CTR: yes)
  Clear memory:     unsupported
  Debug build:      no
  Path to sshd:      (only for self-tests)
  zlib compression: yes


## ---------------- ##
## Cache variables. ##
## ---------------- ##

ac_cv_build=x86_64-pc-linux-gnu
ac_cv_c_bigendian=no
ac_cv_c_compiler_gnu=yes
ac_cv_c_const=yes
ac_cv_c_inline=inline
ac_cv_env_CC_set=
ac_cv_env_CC_value=
ac_cv_env_CFLAGS_set=
ac_cv_env_CFLAGS_value=
ac_cv_env_CPPFLAGS_set=
ac_cv_env_CPPFLAGS_value=
ac_cv_env_CPP_set=
ac_cv_env_CPP_value=
ac_cv_env_LDFLAGS_set=
ac_cv_env_LDFLAGS_value=
ac_cv_env_LIBS_set=
ac_cv_env_LIBS_value=
ac_cv_env_LT_SYS_LIBRARY_PATH_set=
ac_cv_env_LT_SYS_LIBRARY_PATH_value=
ac_cv_env_build_alias_set=
ac_cv_env_build_alias_value=
ac_cv_env_host_alias_set=
ac_cv_env_host_alias_value=
ac_cv_env_target_alias_set=
ac_cv_env_target_alias_value=
ac_cv_func_EVP_aes_128_ctr=yes
ac_cv_func_alloca_works=yes
ac_cv_func_gettimeofday=yes
ac_cv_func_memset_s=no
ac_cv_func_poll=yes
ac_cv_func_select=yes
ac_cv_func_strtoll=yes
ac_cv_header_arpa_inet_h=yes
ac_cv_header_dlfcn_h=yes
ac_cv_header_errno_h=yes
ac_cv_header_fcntl_h=yes
ac_cv_header_inttypes_h=yes
ac_cv_header_memory_h=yes
ac_cv_header_netinet_in_h=yes
ac_cv_header_stdc=yes
ac_cv_header_stdint_h=yes
ac_cv_header_stdio_h=yes
ac_cv_header_stdlib_h=yes
ac_cv_header_string_h=yes
ac_cv_header_strings_h=yes
ac_cv_header_sys_ioctl_h=yes
ac_cv_header_sys_select_h=yes
ac_cv_header_sys_socket_h=yes
ac_cv_header_sys_stat_h=yes
ac_cv_header_sys_time_h=yes
ac_cv_header_sys_types_h=yes
ac_cv_header_sys_uio_h=yes
ac_cv_header_sys_un_h=yes
ac_cv_header_unistd_h=yes
ac_cv_header_windows_h=no
ac_cv_header_winsock2_h=no
ac_cv_header_ws2tcpip_h=no
ac_cv_host=x86_64-pc-linux-gnu
ac_cv_libssl=yes
ac_cv_libz=yes
ac_cv_objext=o
ac_cv_path_EGREP='/usr/bin/grep -E'
ac_cv_path_FGREP='/usr/bin/grep -F'
ac_cv_path_GREP=/usr/bin/grep
ac_cv_path_SED=/usr/bin/sed
ac_cv_path_install='/usr/bin/install -c'
ac_cv_path_lt_DD=/usr/bin/dd
ac_cv_path_mkdir=/usr/bin/mkdir
ac_cv_prog_AWK=gawk
ac_cv_prog_CPP='gcc -E'
ac_cv_prog_ac_ct_AR=ar
ac_cv_prog_ac_ct_CC=gcc
ac_cv_prog_ac_ct_DLLTOOL=dlltool
ac_cv_prog_ac_ct_MANIFEST_TOOL=mt
ac_cv_prog_ac_ct_OBJDUMP=objdump
ac_cv_prog_ac_ct_RANLIB=ranlib
ac_cv_prog_ac_ct_STRIP=strip
ac_cv_prog_cc_c89=
ac_cv_prog_cc_g=yes
ac_cv_prog_make_make_set=yes
ac_cv_search_inet_addr='none required'
ac_cv_search_socket='none required'
ac_cv_sys_file_offset_bits=no
ac_cv_sys_largefile_CC=no
ac_cv_type_long_long=yes
ac_cv_type_size_t=yes
ac_cv_working_alloca_h=yes
acl_cv_hardcode_direct=no
acl_cv_hardcode_libdir_flag_spec='${wl}-rpath ${wl}$libdir'
acl_cv_hardcode_libdir_separator=
acl_cv_hardcode_minus_L=no
acl_cv_libext=a
acl_cv_libname_spec='lib$name'
acl_cv_library_names_spec='$libname$shrext'
acl_cv_path_LD='/usr/bin/ld -m elf_x86_64'
acl_cv_prog_gnu_ld=yes
acl_cv_rpath=done
acl_cv_shlibext=so
acl_cv_wl=-Wl,
am_cv_CC_dependencies_compiler_type=gcc3
am_cv_make_support_nested_variables=yes
am_cv_prog_cc_c_o=yes
lt_cv_ar_at_file=@
lt_cv_archive_cmds_need_lc=no
lt_cv_deplibs_check_method=pass_all
lt_cv_file_magic_cmd='$MAGIC_CMD'
lt_cv_file_magic_test_file=
lt_cv_ld_reload_flag=-r
lt_cv_nm_interface='BSD nm'
lt_cv_objdir=.libs
lt_cv_path_LD=/usr/bin/ld
lt_cv_path_NM='/usr/bin/nm -B'
lt_cv_path_mainfest_tool=no
lt_cv_prog_compiler_c_o=yes
lt_cv_prog_compiler_pic='-fPIC -DPIC'
lt_cv_prog_compiler_pic_works=yes
lt_cv_prog_compiler_rtti_exceptions=no
lt_cv_prog_compiler_static_works=yes
lt_cv_prog_gnu_ld=yes
lt_cv_sharedlib_from_linklib_cmd='printf %s\n'
lt_cv_shlibpath_overrides_runpath=yes
lt_cv_sys_global_symbol_pipe='sed -n -e '\''s/^.*[	 ]\([ABCDGIRSTW][ABCDGIRSTW]*\)[	 ][	 ]*\([_A-Za-z][_A-Za-z0-9]*\)$/\1 \2 \2/p'\'' | sed '\''/ __gnu_lto/d'\'''
lt_cv_sys_global_symbol_to_c_name_address='sed -n -e '\''s/^: \(.*\) .*$/  {"\1", (void *) 0},/p'\'' -e '\''s/^[ABCDGIRSTW][ABCDGIRSTW]* .* \(.*\)$/  {"\1", (void *) \&\1},/p'\'''
lt_cv_sys_global_symbol_to_c_name_address_lib_prefix='sed -n -e '\''s/^: \(.*\) .*$/  {"\1", (void *) 0},/p'\'' -e '\''s/^[ABCDGIRSTW][ABCDGIRSTW]* .* \(lib.*\)$/  {"\1", (void *) \&\1},/p'\'' -e '\''s/^[ABCDGIRSTW][ABCDGIRSTW]* .* \(.*\)$/  {"lib\1", (void *) \&\1},/p'\'''
lt_cv_sys_global_symbol_to_cdecl='sed -n -e '\''s/^T .* \(.*\)$/extern int \1();/p'\'' -e '\''s/^[ABCDGIRSTW][ABCDGIRSTW]* .* \(.*\)$/extern char \1;/p'\'''
lt_cv_sys_global_symbol_to_import=
lt_cv_sys_max_cmd_len=1572864
lt_cv_to_host_file_cmd=func_convert_file_noop
lt_cv_to_tool_file_cmd=func_convert_file_noop
lt_cv_truncate_bin='/usr/bin/dd bs=4096 count=1'

## ----------------- ##
## Output variables. ##
## ----------------- ##

ACLOCAL='${SHELL} /home/mythical/githubsources/nmap/libssh2/missing aclocal-1.16'
ALLOCA=''
AMDEPBACKSLASH='\'
AMDEP_FALSE='#'
AMDEP_TRUE=''
AMTAR='$${TAR-tar}'
AM_BACKSLASH='\'
AM_DEFAULT_V='$(AM_DEFAULT_VERBOSITY)'
AM_DEFAULT_VERBOSITY='0'
AM_V='$(V)'
AR='ar'
AS='as'
AUTOCONF='${SHELL} /home/mythical/githubsources/nmap/libssh2/missing autoconf'
AUTOHEADER='${SHELL} /home/mythical/githubsources/nmap/libssh2/missing autoheader'
AUTOMAKE='${SHELL} /home/mythical/githubsources/nmap/libssh2/missing automake-1.16'
AWK='gawk'
CC='gcc'
CCDEPMODE='depmode=gcc3'
CFLAGS='-g -O2'
CPP='gcc -E'
CPPFLAGS=''
CYGPATH_W='echo'
DEFS='-DHAVE_CONFIG_H'
DEPDIR='.deps'
DLLTOOL='dlltool'
DSYMUTIL=''
DUMPBIN=''
ECHO_C=''
ECHO_N='-n'
ECHO_T=''
EGREP='/usr/bin/grep -E'
EXEEXT=''
FGREP='/usr/bin/grep -F'
GREP='/usr/bin/grep'
HAVE_LIBBCRYPT=''
HAVE_LIBCRYPT32=''
HAVE_LIBGCRYPT=''
HAVE_LIBMBEDCRYPTO=''
HAVE_LIBSSL='yes'
HAVE_LIBZ='yes'
HAVE_SYS_UN_H_FALSE='#'
HAVE_SYS_UN_H_TRUE=''
INSTALL_DATA='${INSTALL} -m 644'
INSTALL_PROGRAM='${INSTALL}'
INSTALL_SCRIPT='${INSTALL}'
INSTALL_STRIP_PROGRAM='$(install_sh) -c -s'
LD='/usr/bin/ld -m elf_x86_64'
LDFLAGS=''
LIBBCRYPT=''
LIBBCRYPT_PREFIX=''
LIBCRYPT32=''
LIBCRYPT32_PREFIX=''
LIBGCRYPT=''
LIBGCRYPT_FALSE=''
LIBGCRYPT_PREFIX=''
LIBGCRYPT_TRUE='#'
LIBMBEDCRYPTO=''
LIBMBEDCRYPTO_PREFIX=''
LIBOBJS=''
LIBS=''
LIBSREQUIRED='libssl libcrypto zlib'
LIBSSH2VER='1.9.0'
LIBSSL='-lssl -lcrypto'
LIBSSL_PREFIX=''
LIBTOOL='$(SHELL) $(top_builddir)/libtool'
LIBZ='-lz'
LIBZ_PREFIX=''
LIPO=''
LN_S='ln -s'
LTLIBBCRYPT=''
LTLIBCRYPT32=''
LTLIBGCRYPT=''
LTLIBMBEDCRYPTO=''
LTLIBOBJS=''
LTLIBSSL='-lssl -lcrypto'
LTLIBZ='-lz'
LT_SYS_LIBRARY_PATH=''
MAINT='#'
MAINTAINER_MODE_FALSE=''
MAINTAINER_MODE_TRUE='#'
MAKEINFO='${SHELL} /home/mythical/githubsources/nmap/libssh2/missing makeinfo'
MANIFEST_TOOL=':'
MBEDTLS_FALSE=''
MBEDTLS_TRUE='#'
MKDIR_P='/usr/bin/mkdir -p'
NM='/usr/bin/nm -B'
NMEDIT=''
OBJDUMP='objdump'
OBJEXT='o'
OPENSSL_FALSE='#'
OPENSSL_TRUE=''
OTOOL64=''
OTOOL=''
PACKAGE='libssh2'
PACKAGE_BUGREPORT='libssh2-devel@cool.haxx.se'
PACKAGE_NAME='libssh2'
PACKAGE_STRING='libssh2 -'
PACKAGE_TARNAME='libssh2'
PACKAGE_URL=''
PACKAGE_VERSION='-'
PATH_SEPARATOR=':'
RANLIB='ranlib'
SED='/usr/bin/sed'
SET_MAKE=''
SHELL='/bin/bash'
SSHD=''
SSHD_FALSE=''
SSHD_TRUE='#'
STRIP='strip'
VERSION='-'
WINCNG_FALSE=''
WINCNG_TRUE='#'
ac_ct_AR='ar'
ac_ct_CC='gcc'
ac_ct_DUMPBIN=''
am__EXEEXT_FALSE=''
am__EXEEXT_TRUE='#'
am__fastdepCC_FALSE='#'
am__fastdepCC_TRUE=''
am__include='include'
am__isrc=''
am__leading_dot='.'
am__nodep='_no'
am__quote=''
am__tar='$${TAR-tar} chof - "$$tardir"'
am__untar='$${TAR-tar} xf -'
bindir='${exec_prefix}/bin'
build='x86_64-pc-linux-gnu'
build_alias=''
build_cpu='x86_64'
build_os='linux-gnu'
build_vendor='pc'
datadir='${datarootdir}'
datarootdir='${prefix}/share'
docdir='${datarootdir}/doc/${PACKAGE_TARNAME}'
dvidir='${docdir}'
exec_prefix='${prefix}'
host='x86_64-pc-linux-gnu'
host_alias=''
host_cpu='x86_64'
host_os='linux-gnu'
host_vendor='pc'
htmldir='${docdir}'
includedir='${prefix}/include'
infodir='${datarootdir}/info'
install_sh='${SHELL} /home/mythical/githubsources/nmap/libssh2/install-sh'
libdir='${exec_prefix}/lib'
libexecdir='${exec_prefix}/libexec'
localedir='${datarootdir}/locale'
localstatedir='${prefix}/var'
mandir='${datarootdir}/man'
mkdir_p='$(MKDIR_P)'
oldincludedir='/usr/include'
pdfdir='${docdir}'
prefix='/usr/local'
program_transform_name='s,x,x,'
psdir='${docdir}'
runstatedir='${localstatedir}/run'
sbindir='${exec_prefix}/sbin'
sharedstatedir='${prefix}/com'
sysconfdir='${prefix}/etc'
target_alias=''

## ----------- ##
## confdefs.h. ##
## ----------- ##

/* confdefs.h */
#define PACKAGE_NAME "libssh2"
#define PACKAGE_TARNAME "libssh2"
#define PACKAGE_VERSION "-"
#define PACKAGE_STRING "libssh2 -"
#define PACKAGE_BUGREPORT "libssh2-devel@cool.haxx.se"
#define PACKAGE_URL ""
#define PACKAGE "libssh2"
#define VERSION "-"
#define STDC_HEADERS 1
#define HAVE_SYS_TYPES_H 1
#define HAVE_SYS_STAT_H 1
#define HAVE_STDLIB_H 1
#define HAVE_STRING_H 1
#define HAVE_MEMORY_H 1
#define HAVE_STRINGS_H 1
#define HAVE_INTTYPES_H 1
#define HAVE_STDINT_H 1
#define HAVE_UNISTD_H 1
#define HAVE_LONGLONG 1
#define HAVE_DLFCN_H 1
#define LT_OBJDIR ".libs/"
#define HAVE_LIBSSL 1
#define LIBSSH2_OPENSSL 1
#define HAVE_EVP_AES_128_CTR 1
#define HAVE_LIBZ 1
#define LIBSSH2_HAVE_ZLIB 1
#define LIBSSH2_DH_GEX_NEW 1
#define HAVE_ERRNO_H 1
#define HAVE_FCNTL_H 1
#define HAVE_STDIO_H 1
#define HAVE_STDLIB_H 1
#define HAVE_UNISTD_H 1
#define HAVE_SYS_UIO_H 1
#define HAVE_SYS_SELECT_H 1
#define HAVE_SYS_SOCKET_H 1
#define HAVE_SYS_IOCTL_H 1
#define HAVE_SYS_TIME_H 1
#define HAVE_ARPA_INET_H 1
#define HAVE_NETINET_IN_H 1
#define HAVE_SYS_UN_H 1
#define HAVE_POLL 1
#define HAVE_GETTIMEOFDAY 1
#define HAVE_SELECT 1
#define HAVE_STRTOLL 1
#define HAVE_ALLOCA_H 1
#define HAVE_ALLOCA 1
#define HAVE_O_NONBLOCK 1

configure: exit 0
